<?xml version="1.0" encoding="UTF-8"?>
<testng-results ignored="0" total="4" passed="3" failed="1" skipped="0">
  <reporter-output>
  </reporter-output>
  <suite started-at="2021-03-07T10:08:07Z" name="Suite" finished-at="2021-03-07T10:08:43Z" duration-ms="36076">
    <groups>
    </groups>
    <test started-at="2021-03-07T10:08:07Z" name="Home Page" finished-at="2021-03-07T10:08:22Z" duration-ms="15049">
      <class name="tests.HomePage">
        <test-method is-config="true" signature="initialize()[pri:0, instance:tests.HomePage@74e47444]" started-at="2021-03-07T10:08:07Z" name="initialize" finished-at="2021-03-07T10:08:09Z" duration-ms="1627" status="PASS">
          <reporter-output>
          </reporter-output>
        </test-method> <!-- initialize -->
        <test-method signature="basePageNavigation(java.lang.String, java.lang.String)[pri:0, instance:tests.HomePage@74e47444]" started-at="2021-03-07T10:08:09Z" name="basePageNavigation" data-provider="Inputdata" finished-at="2021-03-07T10:08:16Z" duration-ms="7413" status="PASS">
          <params>
            <param index="0">
              <value>
                <![CDATA[fghf@gmail.com]]>
              </value>
            </param>
            <param index="1">
              <value>
                <![CDATA[dd45]]>
              </value>
            </param>
          </params>
          <reporter-output>
          </reporter-output>
        </test-method> <!-- basePageNavigation -->
        <test-method signature="basePageNavigation(java.lang.String, java.lang.String)[pri:0, instance:tests.HomePage@74e47444]" started-at="2021-03-07T10:08:16Z" name="basePageNavigation" data-provider="Inputdata" finished-at="2021-03-07T10:08:22Z" duration-ms="5905" status="PASS">
          <params>
            <param index="0">
              <value>
                <![CDATA[fghf@gmail.com]]>
              </value>
            </param>
            <param index="1">
              <value>
                <![CDATA[dd45]]>
              </value>
            </param>
          </params>
          <reporter-output>
          </reporter-output>
        </test-method> <!-- basePageNavigation -->
        <test-method is-config="true" signature="teardown()[pri:0, instance:tests.HomePage@74e47444]" started-at="2021-03-07T10:08:22Z" name="teardown" finished-at="2021-03-07T10:08:22Z" duration-ms="73" status="PASS">
          <reporter-output>
          </reporter-output>
        </test-method> <!-- teardown -->
      </class> <!-- tests.HomePage -->
    </test> <!-- Home Page -->
    <test started-at="2021-03-07T10:08:23Z" name="Validate Navigation Bar" finished-at="2021-03-07T10:08:31Z" duration-ms="8096">
      <class name="tests.validateNavigationBar">
        <test-method is-config="true" signature="initialize()[pri:0, instance:tests.validateNavigationBar@297ea53a]" started-at="2021-03-07T10:08:23Z" name="initialize" finished-at="2021-03-07T10:08:31Z" duration-ms="7938" status="PASS">
          <reporter-output>
          </reporter-output>
        </test-method> <!-- initialize -->
        <test-method signature="validateAppNavBar()[pri:0, instance:tests.validateNavigationBar@297ea53a]" started-at="2021-03-07T10:08:31Z" name="validateAppNavBar" finished-at="2021-03-07T10:08:31Z" duration-ms="55" status="PASS">
          <reporter-output>
          </reporter-output>
        </test-method> <!-- validateAppNavBar -->
        <test-method is-config="true" signature="teardown()[pri:0, instance:tests.validateNavigationBar@297ea53a]" started-at="2021-03-07T10:08:31Z" name="teardown" finished-at="2021-03-07T10:08:31Z" duration-ms="100" status="PASS">
          <reporter-output>
          </reporter-output>
        </test-method> <!-- teardown -->
      </class> <!-- tests.validateNavigationBar -->
    </test> <!-- Validate Navigation Bar -->
    <test started-at="2021-03-07T10:08:31Z" name="Validate Title" finished-at="2021-03-07T10:08:43Z" duration-ms="12514">
      <class name="tests.validateTitle">
        <test-method is-config="true" signature="initialize()[pri:0, instance:tests.validateTitle@741b3bc3]" started-at="2021-03-07T10:08:31Z" name="initialize" finished-at="2021-03-07T10:08:43Z" duration-ms="11899" status="PASS">
          <reporter-output>
          </reporter-output>
        </test-method> <!-- initialize -->
        <test-method signature="validateAppTitle()[pri:0, instance:tests.validateTitle@741b3bc3]" started-at="2021-03-07T10:08:43Z" name="validateAppTitle" finished-at="2021-03-07T10:08:43Z" duration-ms="31" status="FAIL">
          <exception class="java.lang.AssertionError">
            <message>
              <![CDATA[expected [FEATURED CO123URSES] but found [FEATURED COURSES]]]>
            </message>
            <full-stacktrace>
              <![CDATA[java.lang.AssertionError: expected [FEATURED CO123URSES] but found [FEATURED COURSES]
at org.testng.Assert.fail(Assert.java:96)
at org.testng.Assert.failNotEquals(Assert.java:776)
at org.testng.Assert.assertEqualsImpl(Assert.java:137)
at org.testng.Assert.assertEquals(Assert.java:118)
at org.testng.Assert.assertEquals(Assert.java:453)
at org.testng.Assert.assertEquals(Assert.java:463)
at tests.validateTitle.validateAppTitle(validateTitle.java:38)
at java.base/jdk.internal.reflect.NativeMethodAccessorImpl.invoke0(Native Method)
at java.base/jdk.internal.reflect.NativeMethodAccessorImpl.invoke(NativeMethodAccessorImpl.java:64)
at java.base/jdk.internal.reflect.DelegatingMethodAccessorImpl.invoke(DelegatingMethodAccessorImpl.java:43)
at java.base/java.lang.reflect.Method.invoke(Method.java:564)
at org.testng.internal.MethodInvocationHelper.invokeMethod(MethodInvocationHelper.java:124)
at org.testng.internal.Invoker.invokeMethod(Invoker.java:583)
at org.testng.internal.Invoker.invokeTestMethod(Invoker.java:719)
at org.testng.internal.Invoker.invokeTestMethods(Invoker.java:989)
at org.testng.internal.TestMethodWorker.invokeTestMethods(TestMethodWorker.java:125)
at org.testng.internal.TestMethodWorker.run(TestMethodWorker.java:109)
at org.testng.TestRunner.privateRun(TestRunner.java:648)
at org.testng.TestRunner.run(TestRunner.java:505)
at org.testng.SuiteRunner.runTest(SuiteRunner.java:455)
at org.testng.SuiteRunner.runSequentially(SuiteRunner.java:450)
at org.testng.SuiteRunner.privateRun(SuiteRunner.java:415)
at org.testng.SuiteRunner.run(SuiteRunner.java:364)
at org.testng.SuiteRunnerWorker.runSuite(SuiteRunnerWorker.java:52)
at org.testng.SuiteRunnerWorker.run(SuiteRunnerWorker.java:84)
at org.testng.TestNG.runSuitesSequentially(TestNG.java:1208)
at org.testng.TestNG.runSuitesLocally(TestNG.java:1137)
at org.testng.TestNG.runSuites(TestNG.java:1049)
at org.testng.TestNG.run(TestNG.java:1017)
at org.testng.remote.AbstractRemoteTestNG.run(AbstractRemoteTestNG.java:115)
at org.testng.remote.RemoteTestNG.initAndRun(RemoteTestNG.java:251)
at org.testng.remote.RemoteTestNG.main(RemoteTestNG.java:77)
]]>
            </full-stacktrace>
          </exception> <!-- java.lang.AssertionError -->
          <reporter-output>
          </reporter-output>
        </test-method> <!-- validateAppTitle -->
        <test-method is-config="true" signature="teardown()[pri:0, instance:tests.validateTitle@741b3bc3]" started-at="2021-03-07T10:08:43Z" name="teardown" finished-at="2021-03-07T10:08:43Z" duration-ms="78" status="PASS">
          <reporter-output>
          </reporter-output>
        </test-method> <!-- teardown -->
      </class> <!-- tests.validateTitle -->
    </test> <!-- Validate Title -->
  </suite> <!-- Suite -->
</testng-results>
